<?xml version="1.0" encoding="UTF-8"?>
<testsuite xmlns:xsi="http://www.w3.org/2001/XMLSchema-instance" xsi:noNamespaceSchemaLocation="https://maven.apache.org/surefire/maven-surefire-plugin/xsd/surefire-test-report.xsd" name="com.xiaochen.beatles.test.SpringTest" time="2.053" tests="2" errors="0" skipped="0" failures="0">
  <properties>
[...]
</properties>
  <testcase name="getPojo" classname="com.xiaochen.beatles.test.SpringTest" time="0.008"/>
  <testcase name="getbeans" classname="com.xiaochen.beatles.test.SpringTest" time="0.659"/>
</testsuite>